WARNING: This is a development server. Do not use it in a production deployment. Use a production WSGI server instead.
 * Running on http://127.0.0.1:5000
Press CTRL+C to quit
127.0.0.1 - - [30/Apr/2026 20:11:27] "GET / HTTP/1.1" 302 -
127.0.0.1 - - [30/Apr/2026 20:11:27] "GET /login HTTP/1.1" 200 -
127.0.0.1 - - [30/Apr/2026 20:11:27] "GET /static/style.css HTTP/1.1" 304 -
[2026-04-30 20:11:46,502] ERROR in app: Exception on /login [POST]
Traceback (most recent call last):
  File "E:\python\Lib\site-packages\flask\app.py", line 1473, in wsgi_app
    response = self.full_dispatch_request()
               ^^^^^^^^^^^^^^^^^^^^^^^^^^^^
  File "E:\python\Lib\site-packages\flask\app.py", line 882, in full_dispatch_request
    rv = self.handle_user_exception(e)
         ^^^^^^^^^^^^^^^^^^^^^^^^^^^^^
  File "E:\python\Lib\site-packages\flask\app.py", line 880, in full_dispatch_request
    rv = self.dispatch_request()
         ^^^^^^^^^^^^^^^^^^^^^^^
  File "E:\python\Lib\site-packages\flask\app.py", line 865, in dispatch_request
    return self.ensure_sync(self.view_functions[rule.endpoint])(**view_args)  # type: ignore[no-any-return]
           ^^^^^^^^^^^^^^^^^^^^^^^^^^^^^^^^^^^^^^^^^^^^^^^^^^^^^^^^^^^^^^^^^
  File "E:\nyu homework\database\project\app.py", line 134, in login
    if not email or not username or not nickname or not password:
           ^^^^^^^^^^^^^^^^^^^^^^^^^^^^^^^^^^^^^^^^^^^^^^^^^^^^^^
  File "E:\nyu homework\database\project\app.py", line 49, in query_one
    return g.db
         ^^^^^^^
  File "E:\nyu homework\database\project\app.py", line 28, in get_db
    line = line.strip()
       ^^^^^^^^^^^^^^^^
  File "E:\python\Lib\site-packages\psycopg2\__init__.py", line 135, in connect
    conn = _connect(dsn, connection_factory=connection_factory, **kwasync)
           ^^^^^^^^^^^^^^^^^^^^^^^^^^^^^^^^^^^^^^^^^^^^^^^^^^^^^^^^^^^^^^^
UnicodeDecodeError: 'utf-8' codec can't decode byte 0xd6 in position 67: invalid continuation byte
127.0.0.1 - - [30/Apr/2026 20:11:46] "POST /login HTTP/1.1" 500 -
127.0.0.1 - - [30/Apr/2026 20:12:10] "GET / HTTP/1.1" 302 -
127.0.0.1 - - [30/Apr/2026 20:12:10] "GET /login HTTP/1.1" 200 -
127.0.0.1 - - [30/Apr/2026 20:12:10] "GET /static/style.css HTTP/1.1" 304 -
[2026-04-30 20:12:22,336] ERROR in app: Exception on /login [POST]
Traceback (most recent call last):
  File "E:\python\Lib\site-packages\flask\app.py", line 1473, in wsgi_app
    response = self.full_dispatch_request()
               ^^^^^^^^^^^^^^^^^^^^^^^^^^^^
  File "E:\python\Lib\site-packages\flask\app.py", line 882, in full_dispatch_request
    rv = self.handle_user_exception(e)
         ^^^^^^^^^^^^^^^^^^^^^^^^^^^^^
  File "E:\python\Lib\site-packages\flask\app.py", line 880, in full_dispatch_request
    rv = self.dispatch_request()
         ^^^^^^^^^^^^^^^^^^^^^^^
  File "E:\python\Lib\site-packages\flask\app.py", line 865, in dispatch_request
    return self.ensure_sync(self.view_functions[rule.endpoint])(**view_args)  # type: ignore[no-any-return]
           ^^^^^^^^^^^^^^^^^^^^^^^^^^^^^^^^^^^^^^^^^^^^^^^^^^^^^^^^^^^^^^^^^
  File "E:\nyu homework\database\project\app.py", line 134, in login
    if not email or not username or not nickname or not password:
           ^^^^^^^^^^^^^^^^^^^^^^^^^^^^^^^^^^^^^^^^^^^^^^^^^^^^^^
  File "E:\nyu homework\database\project\app.py", line 49, in query_one
    return g.db
         ^^^^^^^
  File "E:\nyu homework\database\project\app.py", line 28, in get_db
    line = line.strip()
       ^^^^^^^^^^^^^^^^
  File "E:\python\Lib\site-packages\psycopg2\__init__.py", line 135, in connect
    conn = _connect(dsn, connection_factory=connection_factory, **kwasync)
           ^^^^^^^^^^^^^^^^^^^^^^^^^^^^^^^^^^^^^^^^^^^^^^^^^^^^^^^^^^^^^^^
UnicodeDecodeError: 'utf-8' codec can't decode byte 0xd6 in position 67: invalid continuation byte
127.0.0.1 - - [30/Apr/2026 20:12:22] "POST /login HTTP/1.1" 500 -
